<?xml version="1.0" encoding="UTF-8"?>
<!-- Generated by org.testng.reporters.JUnitXMLReporter -->
<testsuite ignored="0" hostname="DESKTOP-5CE47FT" failures="1" tests="3" name="Error Validations Test" time="142.999" errors="0" timestamp="2024-02-08T17:35:51 IST">
  <testcase classname="RohitFramework.Tests.ErrorValidationsTest" name="LoginErrorValidation" time="1.959">
    <skipped/>
  </testcase> <!-- LoginErrorValidation -->
  <testcase classname="RohitFramework.Tests.ErrorValidationsTest" name="LoginErrorValidation" time="0.864">
    <failure type="java.lang.AssertionError" message="expected [Incorrect email or password.] but found [Incorrec email or password.]">
      <![CDATA[java.lang.AssertionError: expected [Incorrect email or password.] but found [Incorrec email or password.]
at RohitFramework.Tests.ErrorValidationsTest.LoginErrorValidation(ErrorValidationsTest.java:25)
at java.base/java.util.ArrayList.forEach(ArrayList.java:1596)
at java.base/java.util.concurrent.FutureTask.run(FutureTask.java:317)
at java.base/java.util.concurrent.ThreadPoolExecutor.runWorker(ThreadPoolExecutor.java:1144)
at java.base/java.util.concurrent.ThreadPoolExecutor$Worker.run(ThreadPoolExecutor.java:642)
at java.base/java.lang.Thread.run(Thread.java:1583)
... Removed 21 stack frames]]>
    </failure>
  </testcase> <!-- LoginErrorValidation -->
  <testcase classname="RohitFramework.Tests.ErrorValidationsTest" name="ProductErrorValidation" time="10.297"/>
</testsuite> <!-- Error Validations Test -->
